
> nextjs-protoready@0.1.0 dev
> next dev --turbopack --port 3001

 ⚠ Warning: Found multiple lockfiles. Selecting /Users/pierre/package-lock.json.
   Consider removing the lockfiles at:
   * /Users/pierre/software/protoready.ai/nextjs-protoready/package-lock.json
   * /Users/pierre/software/package-lock.json

   ▲ Next.js 15.4.6 (Turbopack)
   - Local:        http://localhost:3001
   - Network:      http://192.168.1.26:3001
   - Experiments (use with caution):
     · optimizePackageImports

 ✓ Starting...
 ✓ Ready in 780ms
 ⚠ Webpack is configured while Turbopack is not, which may cause problems.
 ⚠ See instructions if you need to configure Turbopack:
  https://nextjs.org/docs/app/api-reference/next-config-js/turbopack

 ○ Compiling / ...
 ✓ Compiled / in 1067ms
 HEAD / 200 in 1258ms
 GET / 200 in 117ms
 ✓ Compiled /favicon.ico in 80ms
 GET /favicon.ico?favicon.45db1c09.ico 200 in 324ms
 ✓ Compiled /assessment in 157ms
 GET /assessment 200 in 175ms
 GET / 200 in 56ms
 ✓ Compiled /_not-found/page in 106ms
 GET /status 404 in 136ms
 GET /status 404 in 32ms
 GET / 200 in 114ms
 GET /contact 404 in 18ms
 GET /contact 404 in 26ms
 GET / 200 in 110ms
 GET /help 404 in 30ms
 GET /help 404 in 29ms
 GET / 200 in 104ms
 GET /about 404 in 14ms
 GET /about 404 in 24ms
 GET / 200 in 109ms
 GET /assessment 200 in 64ms
 ✓ Compiled /assessment/submit in 193ms
 GET /assessment/submit?tool=lovable 200 in 234ms
 ✓ Compiled /api/assessment in 131ms
 POST /api/assessment 200 in 179ms
 GET /favicon.ico 200 in 226ms
 ✓ Compiled /dashboard in 131ms
 GET /dashboard 200 in 149ms
 GET /favicon.ico?favicon.45db1c09.ico 200 in 223ms
